<?xml version="1.0" encoding="UTF-8"?>
<testsuite xmlns:xsi="http://www.w3.org/2001/XMLSchema-instance" xsi:noNamespaceSchemaLocation="https://maven.apache.org/surefire/maven-surefire-plugin/xsd/surefire-test-report.xsd" name="com.demotest.DemoHelloApplicationTests" time="13.223" tests="2" errors="0" skipped="0" failures="0">
  <properties>
[...]
</properties>
  <testcase name="testOne" classname="com.demotest.DemoHelloApplicationTests" time="0.222"/>
  <testcase name="testTwo" classname="com.demotest.DemoHelloApplicationTests" time="0.024"/>
</testsuite>